2026-03-07 22:42:31 [main] ERROR c.r.repository.ConexionMongoDB - Error recuperando conexion:inStream parameter is null
2026-03-07 22:42:31 [main] ERROR c.r.repository.ConexionMongoDB - No hay conexion establecida
2026-03-07 22:42:31 [main] ERROR c.r.repository.ConexionMongoDB - No hay conexion establecida
2026-03-07 22:42:31 [main] ERROR c.r.repository.ConexionMongoDB - No hay conexion establecida
2026-03-07 22:42:54 [main] ERROR c.r.repository.ConexionMongoDB - Error recuperando conexion:inStream parameter is null
2026-03-07 22:42:54 [main] ERROR c.r.repository.ConexionMongoDB - No hay conexion establecida
2026-03-07 22:42:54 [main] ERROR c.r.repository.ConexionMongoDB - No hay conexion establecida
2026-03-07 22:42:54 [main] ERROR c.r.repository.ConexionMongoDB - No hay conexion establecida
2026-03-07 22:44:06 [main] ERROR c.r.repository.ConexionMongoDB - Error recuperando conexion:inStream parameter is null
2026-03-07 22:44:06 [main] ERROR c.r.repository.ConexionMongoDB - No hay conexion establecida
2026-03-07 22:44:06 [main] ERROR c.r.repository.ConexionMongoDB - No hay conexion establecida
2026-03-07 22:44:06 [main] ERROR c.r.repository.ConexionMongoDB - No hay conexion establecida
2026-03-07 22:44:21 [main] INFO  org.mongodb.driver.client - MongoClient with metadata {"driver": {"name": "mongo-java-driver|sync", "version": "5.0.0"}, "os": {"type": "Linux", "name": "Linux", "architecture": "amd64", "version": "6.17.0-14-generic"}, "platform": "Java/Microsoft/21.0.9+10-LTS"} created with settings MongoClientSettings{readPreference=primary, writeConcern=WriteConcern{w=null, wTimeout=null ms, journal=null}, retryWrites=true, retryReads=true, readConcern=ReadConcern{level=null}, credential=MongoCredential{mechanism=null, userName='admin', source='admin', password=<hidden>, mechanismProperties=<hidden>}, transportSettings=null, commandListeners=[], codecRegistry=ProvidersCodecRegistry{codecProviders=[ValueCodecProvider{}, BsonValueCodecProvider{}, DBRefCodecProvider{}, DBObjectCodecProvider{}, DocumentCodecProvider{}, CollectionCodecProvider{}, IterableCodecProvider{}, MapCodecProvider{}, GeoJsonCodecProvider{}, GridFSFileCodecProvider{}, Jsr310CodecProvider{}, JsonObjectCodecProvider{}, BsonCodecProvider{}, EnumCodecProvider{}, com.mongodb.client.model.mql.ExpressionCodecProvider@7b98f307, com.mongodb.Jep395RecordCodecProvider@4802796d, com.mongodb.KotlinCodecProvider@34123d65]}, loggerSettings=LoggerSettings{maxDocumentLength=1000}, clusterSettings={hosts=[localhost:27017], srvServiceName=mongodb, mode=SINGLE, requiredClusterType=UNKNOWN, requiredReplicaSetName='null', serverSelector='null', clusterListeners='[]', serverSelectionTimeout='30000 ms', localThreshold='15 ms'}, socketSettings=SocketSettings{connectTimeoutMS=10000, readTimeoutMS=0, receiveBufferSize=0, proxySettings=ProxySettings{host=null, port=null, username=null, password=null}}, heartbeatSocketSettings=SocketSettings{connectTimeoutMS=10000, readTimeoutMS=10000, receiveBufferSize=0, proxySettings=ProxySettings{host=null, port=null, username=null, password=null}}, connectionPoolSettings=ConnectionPoolSettings{maxSize=100, minSize=0, maxWaitTimeMS=120000, maxConnectionLifeTimeMS=0, maxConnectionIdleTimeMS=0, maintenanceInitialDelayMS=0, maintenanceFrequencyMS=60000, connectionPoolListeners=[], maxConnecting=2}, serverSettings=ServerSettings{heartbeatFrequencyMS=10000, minHeartbeatFrequencyMS=500, serverListeners='[]', serverMonitorListeners='[]'}, sslSettings=SslSettings{enabled=false, invalidHostNameAllowed=false, context=null}, applicationName='null', compressorList=[], uuidRepresentation=UNSPECIFIED, serverApi=null, autoEncryptionSettings=null, dnsClient=null, inetAddressResolver=null, contextProvider=null}
2026-03-07 22:44:21 [main] INFO  org.mongodb.driver.cluster - Waiting for server to become available for operation with ID 3. Remaining time: 30000 ms. Selector: ReadPreferenceServerSelector{readPreference=primary}, topology description: {type=UNKNOWN, servers=[{address=localhost:27017, type=UNKNOWN, state=CONNECTING}].
2026-03-07 22:44:21 [cluster-ClusterId{value='69acfea4bdf1a067cba4d1c6', description='null'}-localhost:27017] INFO  org.mongodb.driver.cluster - Monitor thread successfully connected to server with description ServerDescription{address=localhost:27017, type=STANDALONE, state=CONNECTED, ok=true, minWireVersion=0, maxWireVersion=27, maxDocumentSize=16777216, logicalSessionTimeoutMinutes=30, roundTripTimeNanos=103848094}
2026-03-07 22:44:21 [main] INFO  c.r.repository.ConexionMongoDB - Conexion establecida. Ping: Document{{ok=1.0}}
2026-03-07 22:44:21 [main] INFO  c.r.repository.ConexionMongoDB - Información del cluster
2026-03-07 22:44:21 [main] INFO  c.r.repository.ConexionMongoDB - ClusterDescription{type=STANDALONE, connectionMode=SINGLE, serverDescriptions=[ServerDescription{address=localhost:27017, type=STANDALONE, state=CONNECTED, ok=true, minWireVersion=0, maxWireVersion=27, maxDocumentSize=16777216, logicalSessionTimeoutMinutes=30, roundTripTimeNanos=103848094}]}
2026-03-07 22:44:21 [main] INFO  c.r.repository.ConexionMongoDB - Listado de DB existentes
2026-03-07 22:44:21 [main] INFO  c.r.repository.ConexionMongoDB - {"name": "admin", "sizeOnDisk": 102400, "empty": false}
2026-03-07 22:44:21 [main] INFO  c.r.repository.ConexionMongoDB - {"name": "config", "sizeOnDisk": 36864, "empty": false}
2026-03-07 22:44:21 [main] INFO  c.r.repository.ConexionMongoDB - {"name": "itsu", "sizeOnDisk": 118784, "empty": false}
2026-03-07 22:44:21 [main] INFO  c.r.repository.ConexionMongoDB - {"name": "local", "sizeOnDisk": 147456, "empty": false}
2026-03-07 22:44:21 [main] INFO  c.r.repository.ConexionMongoDB - Conexión cerrada
